<?xml version="1.0" encoding="UTF-8"?>
<!-- Generated by org.testng.reporters.JUnitReportReporter -->
<testsuite skipped="0" hostname="Mayur" name="runner.TestRunner" tests="2" failures="0" timestamp="2023-12-21T15:09:11 IST" time="0.753" errors="2">
  <testcase name="runScenario" time="0.039" classname="runner.TestRunner">
    <error type="java.lang.NullPointerException">
      <![CDATA[java.lang.NullPointerException
at stepdefinition.Amazion_Register_TestCase.the_user_is_on_the_registration_page(Amazion_Register_TestCase.java:24)
at ✽.the user is on the registration page(file:///C:/Users/mayur/OneDrive/Desktop/Program/Amazon/src/test/resources/features/Amazon_Registration.feature:4)
]]>
    </error>
  </testcase> <!-- runScenario -->
  <system-out/>
  <testcase name="runScenario" time="0.714" classname="runner.TestRunner">
    <error type="java.lang.NullPointerException">
      <![CDATA[java.lang.NullPointerException
at stepdefinition.Amazon_Search_Phone_TestCase.user_already_in_home_page(Amazon_Search_Phone_TestCase.java:28)
at ✽.the user is on the home page(file:///C:/Users/mayur/OneDrive/Desktop/Program/Amazon/src/test/resources/features/Amazon.feature:4)
]]>
    </error>
  </testcase> <!-- runScenario -->
  <system-out/>
</testsuite> <!-- runner.TestRunner -->
